<?xml version="1.0" encoding="UTF-8"?>
<!-- Generated by org.testng.reporters.JUnitReportReporter -->
<testsuite skipped="0" hostname="LAPTOP-H0F3K1T2" name="Sample.BeforeAndAfterMedhods" tests="2" failures="0" timestamp="2020-02-19T11:14:40 PST" time="7.064" errors="0">
  <testcase name="register" time="3.711" classname="Sample.BeforeAndAfterMedhods"/>
  <testcase name="support" time="3.353" classname="Sample.BeforeAndAfterMedhods"/>
</testsuite> <!-- Sample.BeforeAndAfterMedhods -->
