<?xml version="1.0" encoding="UTF-8"?>
<!-- Generated by org.testng.reporters.JUnitReportReporter -->
<testsuite skipped="0" hostname="LAPTOP-H0F3K1T2" name="Sample.TestingBeforeAndAfter" tests="1" failures="0" timestamp="2020-02-19T10:43:32 PST" time="0.018" errors="0">
  <testcase name="verifyHomepageTitle" time="0.018" classname="Sample.TestingBeforeAndAfter"/>
</testsuite> <!-- Sample.TestingBeforeAndAfter -->
