<?xml version="1.0" encoding="UTF-8"?>
<!-- Generated by org.testng.reporters.JUnitReportReporter -->
<testsuite skipped="0" hostname="LAPTOP-H0F3K1T2" name="test" tests="1" failures="0" timestamp="2020-02-19T15:41:36 PST" time="0.031" errors="0">
  <testcase name="test" time="0.031" classname="test"/>
</testsuite> <!-- test -->
